-----
Starting new log at Mon Jan 16 11:21:55 2023
Ready to work!
Iteration is no basis for a system of estimation. Bypassing!
Initialising covid_main_full!
Outfile not found! That's it, I'm dead.
Outfile not found! That's it, I'm dead.
-----
Starting new log at Mon Jan 16 11:24:43 2023
Ready to work!
Iteration is no basis for a system of estimation. Bypassing!
Initialising covid_main_full!
Checking for covid_main_full.log...
At Mon Jan 16 12:14:48 2023, 135.087s since last output, continuing...
Payoff for covid_main_full is -63347.7, calibration complete!
We're an anarcho-syndicalist commune!
Initiating MCMC at Mon Jan 16 12:20:30 2023!
Initialising covid_main_MC!
Checking for covid_main_MC_MCMC_points.tab...
At Mon Jan 16 12:30:35 2023, 0.151s since last output, continuing...
Checking for covid_main_MC_MCMC_points.tab...
At Mon Jan 16 12:40:39 2023, 0.182s since last output, continuing...
Checking for covid_main_MC_MCMC_points.tab...
At Mon Jan 16 12:50:42 2023, 0.219s since last output, continuing...
Checking for covid_main_MC_MCMC_points.tab...
At Mon Jan 16 13:00:45 2023, 0.011s since last output, continuing...
Checking for covid_main_MC_MCMC_points.tab...
At Mon Jan 16 13:10:48 2023, 0.163s since last output, continuing...
Checking for covid_main_MC_MCMC_points.tab...
At Mon Jan 16 13:20:51 2023, 0.22s since last output, continuing...
Payoff for covid_main_MC is -63367.3, calibration complete!
MCMC completed at Mon Jan 16 13:29:54 2023!
