:COMSYS After 2282774 simulations
:COMSYS Best payoff is -63347.7
:COMSYS Normally terminated optimization
:OPTIMIZER=Powell
:SENSITIVITY=Off
:MULTIPLE_START=RRandom
:RANDOM_NUMBER=Default
:SEED=1
:OUTPUT_LEVEL=On
:TRACE=Off
:MAX_ITERATIONS=1000
:RESTART_MAX=10
:PASS_LIMIT=2
:FRACTIONAL_TOLERANCE=1e-07
:TOLERANCE_MULTIPLIER=21
:ABSOLUTE_TOLERANCE=1
:SCALE_ABSOLUTE=1
:VECTOR_POINTS=25
:MCLIMIT=0
:MCJUMP=0.05
:MCBURNIN=0
:MCDELTA=0.0001
:MCTEMP=1
:MCNCHAINS=2
:MCUPDATEPAIRS=2
:MCSCHEDULE=0
:MCOUTLIER=0.05
:MCXOVER=0.2
:MCCOOLING=1000
:MCINITMETHOD=0
:MCPAYOFFTYPE=0
:MCGAMMA=1
:MCRECORD=0
:MCKNN=0
:MCEPSILON=0.01
:MCFTEMP=1
1e-06 <= ADF effect strength initiating heroin with Rx OUD = 1e-06  <= 1
0.8 <= Base survival probability H OD relative to Rx = 0.973495  <= 1
0.9 <= Base survival probability Rx OD = 0.971488  <= 0.99
0.05 <= Developing HUD rate no Rx OUD  = 0.05  <= 0.5
0.05 <= Developing HUD rate with Rx OUD  = 0.477405  <= 1.5
0.01 <= Developing Rx OUD rate  = 0.0332868  <= 0.3
0.2 <= Fentanyl effect on base survival max relative to H = 0.8  <= 0.8
2 <= Fentanyl effect on OD rate H max = 2  <= 7
0.5 <= Fraction Nx kits to H users  = 0.943348  <= 0.95
1e-06 <= Heroin availability strength developing HUD = 1e-06  <= 2
1e-06 <= Heroin availability strength initiating NDHU no Rx = 1e-06  <= 2
1e-06 <= Heroin availability strength net quit NDHU = 1.24238  <= 2
0.8 <= Initial stock correction[RXM] = 1.11727  <= 1.2
0.8 <= Initial stock correction[NDH] = 1.2  <= 1.2
0.8 <= Initial stock correction[OUB] = 1.01636  <= 1.2
0.8 <= Initial stock correction[OUM] = 0.8  <= 1.2
0.8 <= Initial stock correction[OUV] = 0.866141  <= 1.2
0.8 <= Initial stock correction[OUT] = 0.861746  <= 1.2
0.8 <= Initial stock correction[OUR] = 0.8  <= 1.2
0.8 <= Initial stock correction[OUS] = 0.8  <= 1.2
0.8 <= Initial stock correction[OHB] = 0.93571  <= 1.2
0.8 <= Initial stock correction[OHM] = 0.8  <= 1.2
0.8 <= Initial stock correction[OHV] = 0.890151  <= 1.2
0.8 <= Initial stock correction[OHT] = 1.2  <= 1.2
0.8 <= Initial stock correction[OHR] = 0.8  <= 1.2
0.8 <= Initial stock correction[OHS] = 0.8  <= 1.2
0.8 <= Initial stock correction[HUB] = 0.963138  <= 1.2
0.8 <= Initial stock correction[HUM] = 1.2  <= 1.2
0.8 <= Initial stock correction[HUV] = 1.15111  <= 1.2
0.8 <= Initial stock correction[HUT] = 0.8  <= 1.2
0.8 <= Initial stock correction[HUR] = 0.956333  <= 1.2
0.8 <= Initial stock correction[HUS] = 1.2  <= 1.2
40000 <= Initiating heroin no Rx base  = 119458  <= 160000
1.8e+06 <= Initiating Rx misuse diverted base  = 1.80653e+06  <= 2.4e+06
0.004 <= Initiation rate heroin with Rx misuse  = 0.01346  <= 0.03
2 <= Initiation rate heroin with Rx OUD relative to Rx misuse = 4.03065  <= 5
0.001 <= Initiation rate Rx misuse own Rx  = 0.035868  <= 0.1
0.01 <= Net quit rate heroin with Rx misuse  = 0.098861  <= 0.8
0.01 <= Net quit rate heroin with Rx OUD  = 0.01  <= 0.2
0.05 <= Net quit rate NDHU  = 0.5  <= 0.5
0.05 <= Net quit rate Rx misuse = 0.115629  <= 0.5
0.1 <= NSDUH misuse redefinition fixed effect = 0.46871  <= 0.5
0.0001 <= Nx kit distribution efficiency = 0.000344097  <= 0.002
0.05 <= Overdose rate base HUD = 0.186928  <= 0.2
0.25 <= Overdose rate NDHU relative to HUD = 0.25  <= 1
0.001 <= Overdose rate base Rx misuse = 0.001  <= 0.025
0.025 <= Overdose rate base Rx OUD = 0.326569  <= 0.4
0.005 <= Overdose rate synth baseline = 0.0117526  <= 0.1
1e-06 <= Perceived risk strength initiating heroin with Rx use = 0.870429  <= 2
1e-06 <= Perceived risk strength initiating NDHU no Rx = 0.256511  <= 2
1e-06 <= Perceived risk strength initiating Rx misuse diverted = 0.425934  <= 2
1e-06 <= Perceived risk strength initiating Rx misuse own Rx = 0.554427  <= 2
1e-06 <= Perceived risk strength net quit heroin with Rx OUD = 1e-06  <= 0.5
1e-06 <= Perceived risk strength net quit NDHU = 1e-06  <= 0.5
1e-06 <= Perceived risk strength net quit NDHU with Rx = 1e-06  <= 0.5
1e-06 <= Perceived risk strength net quit Rx misuse = 0.781016  <= 2
0.01 <= Relapse rate HUD = 0.556286  <= 1
0.05 <= Relapse rate Rx OUD relative to HUD = 0.138871  <= 1
1 <= Remission rate Rx OUD relative to HUD = 1  <= 2
1e-06 <= Rx availability strength developing Rx OUD = 1.23783  <= 2
1e-06 <= Rx availability strength initiating Rx misuse = 0.194437  <= 2
1e-06 <= Rx availability strength net quit Rx misuse = 1.7511  <= 2
1e-06 <= Rx vs H availability strength developing HUD with Rx OUD = 1.71579  <= 2
1e-06 <= Rx vs H availability strength initiating heroin with Rx OUD = 1e-06  <= 2
1e-06 <= Rx vs H availability strength initiating NDHU with Rx = 0.0273106  <= 2
1e-06 <= Social influence strength developing HUD = 1e-06  <= 2
1e-06 <= Social influence strength developing Rx OUD = 1.00284e-06  <= 2
1e-06 <= Social influence strength initiating heroin with Rx OUD = 2  <= 2
1e-06 <= Social influence strength initiating NDHU no Rx = 0.106789  <= 2
1e-06 <= Social influence strength initiating NDHU with Rx = 1.82769  <= 2
1e-06 <= Social influence strength initiating Rx misuse = 0.839047  <= 2
3 <= Time to stabilize remission = 9.53193  <= 20
0.1 <= Tx seeking rate Rx OUD no H total = 0.450488  <= 1
